<?xml version="1.0" encoding="UTF-8"?>
<testng-results ignored="0" total="2" passed="2" failed="0" skipped="0">
  <reporter-output>
  </reporter-output>
  <suite started-at="2022-11-13T12:36:42 PST" name="Default suite" finished-at="2022-11-13T12:37:40 PST" duration-ms="57616">
    <groups>
    </groups>
    <test started-at="2022-11-13T12:36:42 PST" name="Default test" finished-at="2022-11-13T12:37:40 PST" duration-ms="57616">
      <class name="testng.Action_class">
        <test-method is-config="true" signature="setup()[pri:0, instance:testng.Action_class@48f278eb]" started-at="2022-11-13T12:36:42 PST" name="setup" finished-at="2022-11-13T12:36:48 PST" duration-ms="6395" status="PASS">
          <reporter-output>
          </reporter-output>
        </test-method> <!-- setup -->
        <test-method signature="test_action()[pri:0, instance:testng.Action_class@48f278eb]" started-at="2022-11-13T12:36:48 PST" name="test_action" finished-at="2022-11-13T12:37:05 PST" duration-ms="17018" status="PASS">
          <reporter-output>
          </reporter-output>
        </test-method> <!-- test_action -->
        <test-method is-config="true" signature="setup()[pri:0, instance:testng.Action_class@48f278eb]" started-at="2022-11-13T12:37:05 PST" name="setup" finished-at="2022-11-13T12:37:09 PST" duration-ms="3435" status="PASS">
          <reporter-output>
          </reporter-output>
        </test-method> <!-- setup -->
        <test-method signature="test_drag_drop()[pri:0, instance:testng.Action_class@48f278eb]" started-at="2022-11-13T12:37:09 PST" name="test_drag_drop" finished-at="2022-11-13T12:37:40 PST" duration-ms="30717" status="PASS">
          <reporter-output>
          </reporter-output>
        </test-method> <!-- test_drag_drop -->
      </class> <!-- testng.Action_class -->
    </test> <!-- Default test -->
  </suite> <!-- Default suite -->
</testng-results>
